Cast Vote Record File: SRV.csv
First Candidate Column: 5
MaxScore: 5
NumCandidates: 3
Candidate Scores: [0, 0, 0]
Candidate Preferences: [[0, 0, 0], [0, 0, 0], [0, 0, 0]]
Input row['ED-001+10003', '1', '1', '0', '0', '1', '0', '0', '0', '0', '0', '0', '0', '0', '0', '0', '1', '0', '0', '0', '0', '0', '0']
Ballot scores: [0, 5, 0]
Input row['ED-001+10005', '1', '1', '0', '0', '0', '0', '0', '1', '0', '0', '0', '0', '0', '0', '0', '1', '0', '1', '0', '0', '0', '0']
Ballot scores: [3, 5, 1]
Input row['ED-001+10007', '1', '1', '0', '0', '0', '0', '0', '0', '1', '0', '0', '0', '0', '0', '0', '1', '0', '0', '0', '0', '0', '0']
Ballot scores: [4, 5, 0]
Input row['ED-001+10009', '1', '1', '0', '0', '0', '0', '0', '0', '1', '0', '0', '0', '0', '0', '0', '1', '0', '1', '0', '0', '0', '0']
Ballot scores: [4, 5, 1]
Input row['ED-001+10011', '1', '1', '0', '0', '0', '0', '0', '0', '1', '0', '0', '0', '0', '0', '0', '1', '0', '0', '1', '0', '0', '0']
Ballot scores: [4, 5, 2]
Input row['ED-001+10013', '1', '1', '0', '0', '0', '0', '0', '0', '0', '1', '0', '0', '0', '0', '1', '0', '0', '0', '1', '0', '0', '0']
Ballot scores: [5, 4, 2]
Input row['ED-001+10015', '1', '1', '0', '0', '0', '0', '0', '0', '0', '1', '0', '0', '0', '0', '1', '0', '0', '0', '0', '1', '0', '0']
Ballot scores: [5, 4, 3]
Input row['ED-001+10017', '1', '1', '0', '0', '0', '0', '0', '0', '0', '1', '0', '0', '0', '0', '1', '0', '0', '0', '0', '1', '0', '0']
Ballot scores: [5, 4, 3]
Input row['ED-001+10019', '1', '1', '0', '0', '0', '0', '0', '0', '0', '1', '0', '0', '0', '0', '1', '0', '0', '0', '0', '1', '0', '0']
Ballot scores: [5, 4, 3]
Input row['ED-001+10021', '1', '1', '0', '0', '0', '0', '0', '0', '1', '0', '0', '0', '0', '0', '1', '0', '0', '0', '0', '1', '0', '0']
Ballot scores: [4, 4, 3]
Input row['ED-001+10023', '1', '1', '0', '0', '0', '0', '0', '1', '0', '0', '0', '0', '0', '0', '1', '0', '0', '0', '1', '0', '0', '0']
Ballot scores: [3, 4, 2]
Input row['ED-001+10025', '1', '1', '0', '0', '0', '1', '0', '0', '0', '0', '1', '0', '0', '0', '0', '0', '0', '0', '1', '0', '0', '1']
Ballot scores: [1, 0, 5]
Input row['ED-001+10027', '1', '1', '0', '0', '0', '1', '0', '0', '0', '0', '1', '0', '0', '0', '0', '0', '0', '0', '0', '0', '0', '1']
Ballot scores: [1, 0, 5]
Input row['ED-001+10029', '1', '1', '0', '0', '0', '1', '0', '0', '0', '0', '0', '1', '0', '0', '0', '0', '0', '0', '0', '0', '0', '1']
Ballot scores: [1, 1, 5]
Input row['ED-001+10031', '1', '1', '0', '0', '1', '0', '0', '0', '0', '0', '0', '1', '0', '0', '0', '0', '0', '0', '0', '0', '0', '1']
Ballot scores: [0, 1, 5]
Input row['ED-001+10033', '1', '1', '0', '0', '0', '0', '0', '0', '0', '0', '0', '1', '0', '0', '0', '0', '0', '0', '0', '0', '0', '1']
Ballot scores: [0, 1, 5]
Input row['ED-001+10035', '1', '1', '0', '0', '1', '0', '0', '0', '0', '0', '0', '1', '0', '0', '0', '0', '0', '0', '0', '0', '0', '1']
Ballot scores: [0, 1, 5]
Input row['ED-001+10037', '1', '1', '0', '0', '0', '0', '0', '0', '0', '0', '1', '0', '0', '0', '0', '0', '0', '0', '0', '0', '0', '1']
Ballot scores: [0, 0, 5]
Input row['ED-001+10039', '1', '1', '0', '0', '0', '0', '0', '0', '0', '0', '0', '0', '0', '0', '0', '0', '0', '0', '0', '0', '0', '1']
Ballot scores: [0, 0, 5]
Final scores: [45, 53, 60]
Preference totals: [[0, 6, 10], [9, 0, 11], [8, 8, 0]]
